cl : command line warning D9025: overriding '/MT' with '/MDd'
  app_engine.cpp
C:\Users\nicko\Projects\gametool\src\sys\sys_cursor.hpp(56): warning C4091: 'typedef ': ignored on left of 'gt::sys::cursor_t::button_t' when no variable is declared
C:\Users\nicko\Projects\gametool\src\sys\sys_window.hpp(41,28): warning C4244: 'initializing': conversion from 'double' to 'const int', possible loss of data
C:\Users\nicko\Projects\gametool\src\sys\sys_window.hpp(41,46): warning C4244: 'initializing': conversion from 'double' to 'const int', possible loss of data
C:\Users\nicko\Projects\gametool\src\app\app_engine.cpp(30,1): warning C4477: 'fprintf' : format string '%d' requires an argument of type 'int', but variadic argument 2 has type 'gt::index_t'
C:\Users\nicko\Projects\gametool\src\app\app_engine.cpp(30,1): message : consider using '%lld' in the format string
C:\Users\nicko\Projects\gametool\src\app\app_engine.cpp(30,1): message : consider using '%Id' in the format string
C:\Users\nicko\Projects\gametool\src\app\app_engine.cpp(30,1): message : consider using '%I64d' in the format string
C:\Users\nicko\Projects\gametool\src\app\app_engine.cpp(48,1): warning C4477: 'fprintf' : format string '%d' requires an argument of type 'int', but variadic argument 2 has type 'gt::index_t'
C:\Users\nicko\Projects\gametool\src\app\app_engine.cpp(48,1): message : consider using '%lld' in the format string
C:\Users\nicko\Projects\gametool\src\app\app_engine.cpp(48,1): message : consider using '%Id' in the format string
C:\Users\nicko\Projects\gametool\src\app\app_engine.cpp(48,1): message : consider using '%I64d' in the format string
C:\Users\nicko\Projects\gametool\src\app\app_engine.cpp(68,1): warning C4477: 'fprintf' : format string '%d' requires an argument of type 'int', but variadic argument 2 has type 'gt::index_t'
C:\Users\nicko\Projects\gametool\src\app\app_engine.cpp(68,1): message : consider using '%lld' in the format string
C:\Users\nicko\Projects\gametool\src\app\app_engine.cpp(68,1): message : consider using '%Id' in the format string
C:\Users\nicko\Projects\gametool\src\app\app_engine.cpp(68,1): message : consider using '%I64d' in the format string
  gametool.cpp
C:\Users\nicko\Projects\gametool\src\sys\sys_cursor.hpp(56): warning C4091: 'typedef ': ignored on left of 'gt::sys::cursor_t::button_t' when no variable is declared
C:\Users\nicko\Projects\gametool\src\sys\sys_window.hpp(41,28): warning C4244: 'initializing': conversion from 'double' to 'const int', possible loss of data
C:\Users\nicko\Projects\gametool\src\sys\sys_window.hpp(41,46): warning C4244: 'initializing': conversion from 'double' to 'const int', possible loss of data
  gfx_engine.cpp
C:\Users\nicko\Projects\gametool\src\sys\sys_cursor.hpp(56): warning C4091: 'typedef ': ignored on left of 'gt::sys::cursor_t::button_t' when no variable is declared
C:\Users\nicko\Projects\gametool\src\sys\sys_window.hpp(41,28): warning C4244: 'initializing': conversion from 'double' to 'const int', possible loss of data
C:\Users\nicko\Projects\gametool\src\sys\sys_window.hpp(41,46): warning C4244: 'initializing': conversion from 'double' to 'const int', possible loss of data
C:\Users\nicko\Projects\gametool\src\gfx\gfx_engine.cpp(11,1): warning C4005: 'GLFW_EXPOSE_NATIVE_WIN32': macro redefinition
C:\Users\nicko\Projects\gametool\src\gfx\gfx_engine.cpp(11,1): message : 'GLFW_EXPOSE_NATIVE_WIN32' previously declared on the command line
  gui_engine.cpp
C:\Users\nicko\Projects\gametool\src\sys\sys_cursor.hpp(56): warning C4091: 'typedef ': ignored on left of 'gt::sys::cursor_t::button_t' when no variable is declared
C:\Users\nicko\Projects\gametool\src\sys\sys_window.hpp(41,28): warning C4244: 'initializing': conversion from 'double' to 'const int', possible loss of data
C:\Users\nicko\Projects\gametool\src\sys\sys_window.hpp(41,46): warning C4244: 'initializing': conversion from 'double' to 'const int', possible loss of data
  sys_cursor.cpp
C:\Users\nicko\Projects\gametool\src\sys\sys_cursor.hpp(56): warning C4091: 'typedef ': ignored on left of 'gt::sys::cursor_t::button_t' when no variable is declared
  sys_window.cpp
C:\Users\nicko\Projects\gametool\src\sys\sys_cursor.hpp(56): warning C4091: 'typedef ': ignored on left of 'gt::sys::cursor_t::button_t' when no variable is declared
C:\Users\nicko\Projects\gametool\src\sys\sys_window.hpp(41,28): warning C4244: 'initializing': conversion from 'double' to 'const int', possible loss of data
C:\Users\nicko\Projects\gametool\src\sys\sys_window.hpp(41,46): warning C4244: 'initializing': conversion from 'double' to 'const int', possible loss of data
C:\Users\nicko\Projects\gametool\src\sys\sys_window.cpp(8,1): warning C4005: 'GLFW_EXPOSE_NATIVE_WIN32': macro redefinition
C:\Users\nicko\Projects\gametool\src\sys\sys_window.cpp(8,1): message : 'GLFW_EXPOSE_NATIVE_WIN32' previously declared on the command line
  Generating Code...
  game.vcxproj -> C:\Users\nicko\Projects\gametool\bin\game.exe
